Build started 7/13/2015 3:48:51 PM.
     1>Project "C:\Users\Programmer\Documents\Visual Studio 2013\Projects\sfml\sfml\sfml.vcxproj" on node 2 (Build target(s)).
     1>ClCompile:
         C:\Program Files (x86)\Microsoft Visual Studio 12.0\VC\bin\CL.exe /c /ZI /nologo /W3 /WX- /sdl /Od /Oy- /D _MBCS /Gm /EHsc /RTC1 /MDd /GS /fp:precise /Zc:wchar_t /Zc:forScope /Fo"Debug\\" /Fd"Debug\vc120.pdb" /Gd /TP /analyze- /errorReport:prompt game.cpp
         game.cpp
     1>c:\users\programmer\documents\visual studio 2013\projects\sfml\sfml\game.cpp(12): warning C4305: 'initializing' : truncation from 'double' to 'const float'
     1>c:\users\programmer\documents\visual studio 2013\projects\sfml\sfml\game.cpp(13): warning C4305: 'initializing' : truncation from 'double' to 'const float'
     1>c:\users\programmer\documents\visual studio 2013\projects\sfml\sfml\game.cpp(24): warning C4244: 'argument' : conversion from 'const int' to 'float', possible loss of data
     1>c:\users\programmer\documents\visual studio 2013\projects\sfml\sfml\game.cpp(26): warning C4244: 'argument' : conversion from 'const int' to 'float', possible loss of data
     1>c:\users\programmer\documents\visual studio 2013\projects\sfml\sfml\game.cpp(30): warning C4244: 'argument' : conversion from 'const int' to 'float', possible loss of data
     1>c:\users\programmer\documents\visual studio 2013\projects\sfml\sfml\game.cpp(32): warning C4244: 'initializing' : conversion from 'double' to 'float', possible loss of data
     1>c:\users\programmer\documents\visual studio 2013\projects\sfml\sfml\game.cpp(33): warning C4244: 'initializing' : conversion from 'double' to 'float', possible loss of data
     1>c:\users\programmer\documents\visual studio 2013\projects\sfml\sfml\game.cpp(90): warning C4244: '=' : conversion from 'double' to 'float', possible loss of data
     1>c:\users\programmer\documents\visual studio 2013\projects\sfml\sfml\game.cpp(97): warning C4244: '=' : conversion from 'double' to 'float', possible loss of data
     1>c:\users\programmer\documents\visual studio 2013\projects\sfml\sfml\game.cpp(105): warning C4244: '=' : conversion from 'double' to 'float', possible loss of data
     1>c:\users\programmer\documents\visual studio 2013\projects\sfml\sfml\game.cpp(106): warning C4244: '=' : conversion from 'double' to 'float', possible loss of data
     1>c:\users\programmer\documents\visual studio 2013\projects\sfml\sfml\game.cpp(112): warning C4244: '=' : conversion from 'double' to 'float', possible loss of data
     1>c:\users\programmer\documents\visual studio 2013\projects\sfml\sfml\game.cpp(113): warning C4244: '=' : conversion from 'double' to 'float', possible loss of data
       Link:
         C:\Program Files (x86)\Microsoft Visual Studio 12.0\VC\bin\link.exe /ERRORREPORT:PROMPT /OUT:"C:\Users\Programmer\Documents\Visual Studio 2013\Projects\sfml\Debug\sfml.exe" /INCREMENTAL /NOLOGO "sfml-graphics-d.lib" "sfml-window-d.lib" "sfml-system-d.lib" kernel32.lib user32.lib gdi32.lib winspool.lib comdlg32.lib advapi32.lib shell32.lib ole32.lib oleaut32.lib uuid.lib odbc32.lib odbccp32.lib /MANIFEST /MANIFESTUAC:"level='asInvoker' uiAccess='false'" /manifest:embed /DEBUG /PDB:"C:\Users\Programmer\Documents\Visual Studio 2013\Projects\sfml\Debug\sfml.pdb" /TLBID:1 /DYNAMICBASE /NXCOMPAT /IMPLIB:"C:\Users\Programmer\Documents\Visual Studio 2013\Projects\sfml\Debug\sfml.lib" /MACHINE:X86 Debug\game.obj
         sfml.vcxproj -> C:\Users\Programmer\Documents\Visual Studio 2013\Projects\sfml\Debug\sfml.exe
     1>Done Building Project "C:\Users\Programmer\Documents\Visual Studio 2013\Projects\sfml\sfml\sfml.vcxproj" (Build target(s)).

Build succeeded.

Time Elapsed 00:00:01.39
